2016-10-09 17:20:56,389 - Log4JLogChute initialized using file 'velocity.log'
2016-10-09 17:20:56,389 - Starting Apache Velocity v1.5 (compiled: 2007-02-22 08:52:29)
2016-10-09 17:20:56,389 - Default Properties File: org\apache\velocity\runtime\defaults\velocity.properties
2016-10-09 17:20:56,389 - Trying to use logger class org.apache.velocity.runtime.log.AvalonLogChute
2016-10-09 17:20:56,389 - Couldn't find class org.apache.velocity.runtime.log.AvalonLogChute or necessary supporting classes in classpath.
java.lang.NoClassDefFoundError: org/apache/log/format/Formatter
	at java.lang.Class.forName0(Native Method)
	at java.lang.Class.forName(Class.java:348)
	at org.apache.velocity.util.ClassUtils.getClass(ClassUtils.java:63)
	at org.apache.velocity.util.ClassUtils.getNewInstance(ClassUtils.java:95)
	at org.apache.velocity.runtime.log.LogManager.createLogChute(LogManager.java:147)
	at org.apache.velocity.runtime.log.LogManager.updateLog(LogManager.java:208)
	at org.apache.velocity.runtime.RuntimeInstance.initializeLog(RuntimeInstance.java:728)
	at org.apache.velocity.runtime.RuntimeInstance.init(RuntimeInstance.java:240)
	at org.apache.velocity.app.VelocityEngine.init(VelocityEngine.java:116)
	at com.zerjioang.velocity.TestVelocityConfig.test00_init(TestVelocityConfig.java:33)
	at sun.reflect.NativeMethodAccessorImpl.invoke0(Native Method)
	at sun.reflect.NativeMethodAccessorImpl.invoke(NativeMethodAccessorImpl.java:62)
	at sun.reflect.DelegatingMethodAccessorImpl.invoke(DelegatingMethodAccessorImpl.java:43)
	at java.lang.reflect.Method.invoke(Method.java:498)
	at org.junit.runners.model.FrameworkMethod$1.runReflectiveCall(FrameworkMethod.java:50)
	at org.junit.internal.runners.model.ReflectiveCallable.run(ReflectiveCallable.java:12)
	at org.junit.runners.model.FrameworkMethod.invokeExplosively(FrameworkMethod.java:47)
	at org.junit.internal.runners.statements.InvokeMethod.evaluate(InvokeMethod.java:17)
	at org.junit.internal.runners.statements.RunBefores.evaluate(RunBefores.java:26)
	at org.junit.runners.ParentRunner.runLeaf(ParentRunner.java:325)
	at org.junit.runners.BlockJUnit4ClassRunner.runChild(BlockJUnit4ClassRunner.java:78)
	at org.junit.runners.BlockJUnit4ClassRunner.runChild(BlockJUnit4ClassRunner.java:57)
	at org.junit.runners.ParentRunner$3.run(ParentRunner.java:290)
	at org.junit.runners.ParentRunner$1.schedule(ParentRunner.java:71)
	at org.junit.runners.ParentRunner.runChildren(ParentRunner.java:288)
	at org.junit.runners.ParentRunner.access$000(ParentRunner.java:58)
	at org.junit.runners.ParentRunner$2.evaluate(ParentRunner.java:268)
	at org.junit.runners.ParentRunner.run(ParentRunner.java:363)
	at org.apache.maven.surefire.junit4.JUnit4TestSet.execute(JUnit4TestSet.java:53)
	at org.apache.maven.surefire.junit4.JUnit4Provider.executeTestSet(JUnit4Provider.java:123)
	at org.apache.maven.surefire.junit4.JUnit4Provider.invoke(JUnit4Provider.java:104)
	at sun.reflect.NativeMethodAccessorImpl.invoke0(Native Method)
	at sun.reflect.NativeMethodAccessorImpl.invoke(NativeMethodAccessorImpl.java:62)
	at sun.reflect.DelegatingMethodAccessorImpl.invoke(DelegatingMethodAccessorImpl.java:43)
	at java.lang.reflect.Method.invoke(Method.java:498)
	at org.apache.maven.surefire.util.ReflectionUtils.invokeMethodWithArray(ReflectionUtils.java:164)
	at org.apache.maven.surefire.booter.ProviderFactory$ProviderProxy.invoke(ProviderFactory.java:110)
	at org.apache.maven.surefire.booter.SurefireStarter.invokeProvider(SurefireStarter.java:175)
	at org.apache.maven.surefire.booter.SurefireStarter.runSuitesInProcessWhenForked(SurefireStarter.java:107)
	at org.apache.maven.surefire.booter.ForkedBooter.main(ForkedBooter.java:68)
Caused by: java.lang.ClassNotFoundException: org.apache.log.format.Formatter
	at java.net.URLClassLoader.findClass(URLClassLoader.java:381)
	at java.lang.ClassLoader.loadClass(ClassLoader.java:424)
	at sun.misc.Launcher$AppClassLoader.loadClass(Launcher.java:331)
	at java.lang.ClassLoader.loadClass(ClassLoader.java:357)
	... 40 more
2016-10-09 17:20:56,405 - Trying to use logger class org.apache.velocity.runtime.log.Log4JLogChute
2016-10-09 17:20:56,405 - Using logger class org.apache.velocity.runtime.log.Log4JLogChute
2016-10-09 17:20:56,405 - Default ResourceManager initializing. (class org.apache.velocity.runtime.resource.ResourceManagerImpl)
2016-10-09 17:20:56,405 - ResourceLoader instantiated: org.apache.velocity.runtime.resource.loader.FileResourceLoader
2016-10-09 17:20:56,421 - Do unicode file recognition:  false
2016-10-09 17:20:56,421 - FileResourceLoader : adding path '.'
2016-10-09 17:20:56,436 - ResourceCache: initialized (class org.apache.velocity.runtime.resource.ResourceCacheImpl)
2016-10-09 17:20:56,452 - Loaded System Directive: org.apache.velocity.runtime.directive.Literal
2016-10-09 17:20:56,452 - Loaded System Directive: org.apache.velocity.runtime.directive.Macro
2016-10-09 17:20:56,452 - Loaded System Directive: org.apache.velocity.runtime.directive.Parse
2016-10-09 17:20:56,452 - Loaded System Directive: org.apache.velocity.runtime.directive.Include
2016-10-09 17:20:56,452 - Loaded System Directive: org.apache.velocity.runtime.directive.Foreach
2016-10-09 17:20:56,530 - Created '20' parsers.
2016-10-09 17:20:56,546 - Velocimacro : "velocimacro.library" is not set.  Trying default library: VM_global_library.vm
2016-10-09 17:20:56,546 - Velocimacro : Default library not found.
2016-10-09 17:20:56,546 - Velocimacro : allowInline = true : VMs can be defined inline in templates
2016-10-09 17:20:56,546 - Velocimacro : allowInlineToOverride = false : VMs defined inline may NOT replace previous VM definitions
2016-10-09 17:20:56,546 - Velocimacro : allowInlineLocal = false : VMs defined inline will be global in scope if allowed.
2016-10-09 17:20:56,546 - Velocimacro : autoload off : VM system will not automatically reload global library macros
2016-10-09 17:20:56,561 - Log4JLogChute initialized using file 'velocity.log'
2016-10-09 17:20:56,561 - Log4JLogChute initialized using file 'velocity.log'
2016-10-09 17:20:56,561 - Velocity not initialized yet. Calling init()...
2016-10-09 17:20:56,561 - Velocity not initialized yet. Calling init()...
2016-10-09 17:20:56,561 - Starting Apache Velocity v1.5 (compiled: 2007-02-22 08:52:29)
2016-10-09 17:20:56,561 - Starting Apache Velocity v1.5 (compiled: 2007-02-22 08:52:29)
2016-10-09 17:20:56,561 - Default Properties File: org\apache\velocity\runtime\defaults\velocity.properties
2016-10-09 17:20:56,561 - Default Properties File: org\apache\velocity\runtime\defaults\velocity.properties
2016-10-09 17:20:56,561 - Trying to use logger class org.apache.velocity.runtime.log.AvalonLogChute
2016-10-09 17:20:56,561 - Trying to use logger class org.apache.velocity.runtime.log.AvalonLogChute
2016-10-09 17:20:56,561 - Couldn't find class org.apache.velocity.runtime.log.AvalonLogChute or necessary supporting classes in classpath.
java.lang.NoClassDefFoundError: org/apache/log/format/Formatter
	at java.lang.Class.forName0(Native Method)
	at java.lang.Class.forName(Class.java:348)
	at org.apache.velocity.util.ClassUtils.getClass(ClassUtils.java:63)
	at org.apache.velocity.util.ClassUtils.getNewInstance(ClassUtils.java:95)
	at org.apache.velocity.runtime.log.LogManager.createLogChute(LogManager.java:147)
	at org.apache.velocity.runtime.log.LogManager.updateLog(LogManager.java:208)
	at org.apache.velocity.runtime.RuntimeInstance.initializeLog(RuntimeInstance.java:728)
	at org.apache.velocity.runtime.RuntimeInstance.init(RuntimeInstance.java:240)
	at org.apache.velocity.runtime.RuntimeInstance.getTemplate(RuntimeInstance.java:1099)
	at org.apache.velocity.app.VelocityEngine.getTemplate(VelocityEngine.java:549)
	at com.zerjioang.velocity.TestVelocityConfig.test01_getTemplate(TestVelocityConfig.java:60)
	at sun.reflect.NativeMethodAccessorImpl.invoke0(Native Method)
	at sun.reflect.NativeMethodAccessorImpl.invoke(NativeMethodAccessorImpl.java:62)
	at sun.reflect.DelegatingMethodAccessorImpl.invoke(DelegatingMethodAccessorImpl.java:43)
	at java.lang.reflect.Method.invoke(Method.java:498)
	at org.junit.runners.model.FrameworkMethod$1.runReflectiveCall(FrameworkMethod.java:50)
	at org.junit.internal.runners.model.ReflectiveCallable.run(ReflectiveCallable.java:12)
	at org.junit.runners.model.FrameworkMethod.invokeExplosively(FrameworkMethod.java:47)
	at org.junit.internal.runners.statements.InvokeMethod.evaluate(InvokeMethod.java:17)
	at org.junit.internal.runners.statements.RunBefores.evaluate(RunBefores.java:26)
	at org.junit.runners.ParentRunner.runLeaf(ParentRunner.java:325)
	at org.junit.runners.BlockJUnit4ClassRunner.runChild(BlockJUnit4ClassRunner.java:78)
	at org.junit.runners.BlockJUnit4ClassRunner.runChild(BlockJUnit4ClassRunner.java:57)
	at org.junit.runners.ParentRunner$3.run(ParentRunner.java:290)
	at org.junit.runners.ParentRunner$1.schedule(ParentRunner.java:71)
	at org.junit.runners.ParentRunner.runChildren(ParentRunner.java:288)
	at org.junit.runners.ParentRunner.access$000(ParentRunner.java:58)
	at org.junit.runners.ParentRunner$2.evaluate(ParentRunner.java:268)
	at org.junit.runners.ParentRunner.run(ParentRunner.java:363)
	at org.apache.maven.surefire.junit4.JUnit4TestSet.execute(JUnit4TestSet.java:53)
	at org.apache.maven.surefire.junit4.JUnit4Provider.executeTestSet(JUnit4Provider.java:123)
	at org.apache.maven.surefire.junit4.JUnit4Provider.invoke(JUnit4Provider.java:104)
	at sun.reflect.NativeMethodAccessorImpl.invoke0(Native Method)
	at sun.reflect.NativeMethodAccessorImpl.invoke(NativeMethodAccessorImpl.java:62)
	at sun.reflect.DelegatingMethodAccessorImpl.invoke(DelegatingMethodAccessorImpl.java:43)
	at java.lang.reflect.Method.invoke(Method.java:498)
	at org.apache.maven.surefire.util.ReflectionUtils.invokeMethodWithArray(ReflectionUtils.java:164)
	at org.apache.maven.surefire.booter.ProviderFactory$ProviderProxy.invoke(ProviderFactory.java:110)
	at org.apache.maven.surefire.booter.SurefireStarter.invokeProvider(SurefireStarter.java:175)
	at org.apache.maven.surefire.booter.SurefireStarter.runSuitesInProcessWhenForked(SurefireStarter.java:107)
	at org.apache.maven.surefire.booter.ForkedBooter.main(ForkedBooter.java:68)
Caused by: java.lang.ClassNotFoundException: org.apache.log.format.Formatter
	at java.net.URLClassLoader.findClass(URLClassLoader.java:381)
	at java.lang.ClassLoader.loadClass(ClassLoader.java:424)
	at sun.misc.Launcher$AppClassLoader.loadClass(Launcher.java:331)
	at java.lang.ClassLoader.loadClass(ClassLoader.java:357)
	... 41 more
2016-10-09 17:20:56,561 - Couldn't find class org.apache.velocity.runtime.log.AvalonLogChute or necessary supporting classes in classpath.
java.lang.NoClassDefFoundError: org/apache/log/format/Formatter
	at java.lang.Class.forName0(Native Method)
	at java.lang.Class.forName(Class.java:348)
	at org.apache.velocity.util.ClassUtils.getClass(ClassUtils.java:63)
	at org.apache.velocity.util.ClassUtils.getNewInstance(ClassUtils.java:95)
	at org.apache.velocity.runtime.log.LogManager.createLogChute(LogManager.java:147)
	at org.apache.velocity.runtime.log.LogManager.updateLog(LogManager.java:208)
	at org.apache.velocity.runtime.RuntimeInstance.initializeLog(RuntimeInstance.java:728)
	at org.apache.velocity.runtime.RuntimeInstance.init(RuntimeInstance.java:240)
	at org.apache.velocity.runtime.RuntimeInstance.getTemplate(RuntimeInstance.java:1099)
	at org.apache.velocity.app.VelocityEngine.getTemplate(VelocityEngine.java:549)
	at com.zerjioang.velocity.TestVelocityConfig.test01_getTemplate(TestVelocityConfig.java:60)
	at sun.reflect.NativeMethodAccessorImpl.invoke0(Native Method)
	at sun.reflect.NativeMethodAccessorImpl.invoke(NativeMethodAccessorImpl.java:62)
	at sun.reflect.DelegatingMethodAccessorImpl.invoke(DelegatingMethodAccessorImpl.java:43)
	at java.lang.reflect.Method.invoke(Method.java:498)
	at org.junit.runners.model.FrameworkMethod$1.runReflectiveCall(FrameworkMethod.java:50)
	at org.junit.internal.runners.model.ReflectiveCallable.run(ReflectiveCallable.java:12)
	at org.junit.runners.model.FrameworkMethod.invokeExplosively(FrameworkMethod.java:47)
	at org.junit.internal.runners.statements.InvokeMethod.evaluate(InvokeMethod.java:17)
	at org.junit.internal.runners.statements.RunBefores.evaluate(RunBefores.java:26)
	at org.junit.runners.ParentRunner.runLeaf(ParentRunner.java:325)
	at org.junit.runners.BlockJUnit4ClassRunner.runChild(BlockJUnit4ClassRunner.java:78)
	at org.junit.runners.BlockJUnit4ClassRunner.runChild(BlockJUnit4ClassRunner.java:57)
	at org.junit.runners.ParentRunner$3.run(ParentRunner.java:290)
	at org.junit.runners.ParentRunner$1.schedule(ParentRunner.java:71)
	at org.junit.runners.ParentRunner.runChildren(ParentRunner.java:288)
	at org.junit.runners.ParentRunner.access$000(ParentRunner.java:58)
	at org.junit.runners.ParentRunner$2.evaluate(ParentRunner.java:268)
	at org.junit.runners.ParentRunner.run(ParentRunner.java:363)
	at org.apache.maven.surefire.junit4.JUnit4TestSet.execute(JUnit4TestSet.java:53)
	at org.apache.maven.surefire.junit4.JUnit4Provider.executeTestSet(JUnit4Provider.java:123)
	at org.apache.maven.surefire.junit4.JUnit4Provider.invoke(JUnit4Provider.java:104)
	at sun.reflect.NativeMethodAccessorImpl.invoke0(Native Method)
	at sun.reflect.NativeMethodAccessorImpl.invoke(NativeMethodAccessorImpl.java:62)
	at sun.reflect.DelegatingMethodAccessorImpl.invoke(DelegatingMethodAccessorImpl.java:43)
	at java.lang.reflect.Method.invoke(Method.java:498)
	at org.apache.maven.surefire.util.ReflectionUtils.invokeMethodWithArray(ReflectionUtils.java:164)
	at org.apache.maven.surefire.booter.ProviderFactory$ProviderProxy.invoke(ProviderFactory.java:110)
	at org.apache.maven.surefire.booter.SurefireStarter.invokeProvider(SurefireStarter.java:175)
	at org.apache.maven.surefire.booter.SurefireStarter.runSuitesInProcessWhenForked(SurefireStarter.java:107)
	at org.apache.maven.surefire.booter.ForkedBooter.main(ForkedBooter.java:68)
Caused by: java.lang.ClassNotFoundException: org.apache.log.format.Formatter
	at java.net.URLClassLoader.findClass(URLClassLoader.java:381)
	at java.lang.ClassLoader.loadClass(ClassLoader.java:424)
	at sun.misc.Launcher$AppClassLoader.loadClass(Launcher.java:331)
	at java.lang.ClassLoader.loadClass(ClassLoader.java:357)
	... 41 more
2016-10-09 17:20:56,561 - Trying to use logger class org.apache.velocity.runtime.log.Log4JLogChute
2016-10-09 17:20:56,561 - Trying to use logger class org.apache.velocity.runtime.log.Log4JLogChute
2016-10-09 17:20:56,561 - Using logger class org.apache.velocity.runtime.log.Log4JLogChute
2016-10-09 17:20:56,561 - Using logger class org.apache.velocity.runtime.log.Log4JLogChute
2016-10-09 17:20:56,561 - Default ResourceManager initializing. (class org.apache.velocity.runtime.resource.ResourceManagerImpl)
2016-10-09 17:20:56,561 - Default ResourceManager initializing. (class org.apache.velocity.runtime.resource.ResourceManagerImpl)
2016-10-09 17:20:56,561 - ResourceLoader instantiated: org.apache.velocity.runtime.resource.loader.FileResourceLoader
2016-10-09 17:20:56,561 - ResourceLoader instantiated: org.apache.velocity.runtime.resource.loader.FileResourceLoader
2016-10-09 17:20:56,561 - Do unicode file recognition:  false
2016-10-09 17:20:56,561 - Do unicode file recognition:  false
2016-10-09 17:20:56,561 - FileResourceLoader : adding path '.'
2016-10-09 17:20:56,561 - FileResourceLoader : adding path '.'
2016-10-09 17:20:56,561 - ResourceCache: initialized (class org.apache.velocity.runtime.resource.ResourceCacheImpl)
2016-10-09 17:20:56,561 - ResourceCache: initialized (class org.apache.velocity.runtime.resource.ResourceCacheImpl)
2016-10-09 17:20:56,561 - Loaded System Directive: org.apache.velocity.runtime.directive.Literal
2016-10-09 17:20:56,561 - Loaded System Directive: org.apache.velocity.runtime.directive.Literal
2016-10-09 17:20:56,561 - Loaded System Directive: org.apache.velocity.runtime.directive.Macro
2016-10-09 17:20:56,561 - Loaded System Directive: org.apache.velocity.runtime.directive.Macro
2016-10-09 17:20:56,561 - Loaded System Directive: org.apache.velocity.runtime.directive.Parse
2016-10-09 17:20:56,561 - Loaded System Directive: org.apache.velocity.runtime.directive.Parse
2016-10-09 17:20:56,561 - Loaded System Directive: org.apache.velocity.runtime.directive.Include
2016-10-09 17:20:56,561 - Loaded System Directive: org.apache.velocity.runtime.directive.Include
2016-10-09 17:20:56,561 - Loaded System Directive: org.apache.velocity.runtime.directive.Foreach
2016-10-09 17:20:56,561 - Loaded System Directive: org.apache.velocity.runtime.directive.Foreach
2016-10-09 17:20:56,577 - Created '20' parsers.
2016-10-09 17:20:56,577 - Created '20' parsers.
2016-10-09 17:20:56,577 - Velocimacro : "velocimacro.library" is not set.  Trying default library: VM_global_library.vm
2016-10-09 17:20:56,577 - Velocimacro : "velocimacro.library" is not set.  Trying default library: VM_global_library.vm
2016-10-09 17:20:56,577 - Velocimacro : Default library not found.
2016-10-09 17:20:56,577 - Velocimacro : Default library not found.
2016-10-09 17:20:56,577 - Velocimacro : allowInline = true : VMs can be defined inline in templates
2016-10-09 17:20:56,577 - Velocimacro : allowInline = true : VMs can be defined inline in templates
2016-10-09 17:20:56,577 - Velocimacro : allowInlineToOverride = false : VMs defined inline may NOT replace previous VM definitions
2016-10-09 17:20:56,577 - Velocimacro : allowInlineToOverride = false : VMs defined inline may NOT replace previous VM definitions
2016-10-09 17:20:56,577 - Velocimacro : allowInlineLocal = false : VMs defined inline will be global in scope if allowed.
2016-10-09 17:20:56,577 - Velocimacro : allowInlineLocal = false : VMs defined inline will be global in scope if allowed.
2016-10-09 17:20:56,577 - Velocimacro : autoload off : VM system will not automatically reload global library macros
2016-10-09 17:20:56,577 - Velocimacro : autoload off : VM system will not automatically reload global library macros
2016-10-09 17:20:56,593 - ResourceManager : found src/main/resources/templates/helloworld.vm with loader org.apache.velocity.runtime.resource.loader.FileResourceLoader
2016-10-09 17:20:56,593 - ResourceManager : found src/main/resources/templates/helloworld.vm with loader org.apache.velocity.runtime.resource.loader.FileResourceLoader
2016-10-09 17:20:56,593 - Log4JLogChute initialized using file 'velocity.log'
2016-10-09 17:20:56,593 - Log4JLogChute initialized using file 'velocity.log'
2016-10-09 17:20:56,593 - Log4JLogChute initialized using file 'velocity.log'
2016-10-09 17:20:56,593 - Velocity not initialized yet. Calling init()...
2016-10-09 17:20:56,593 - Velocity not initialized yet. Calling init()...
2016-10-09 17:20:56,593 - Velocity not initialized yet. Calling init()...
2016-10-09 17:20:56,593 - Starting Apache Velocity v1.5 (compiled: 2007-02-22 08:52:29)
2016-10-09 17:20:56,593 - Starting Apache Velocity v1.5 (compiled: 2007-02-22 08:52:29)
2016-10-09 17:20:56,593 - Starting Apache Velocity v1.5 (compiled: 2007-02-22 08:52:29)
2016-10-09 17:20:56,593 - Default Properties File: org\apache\velocity\runtime\defaults\velocity.properties
2016-10-09 17:20:56,593 - Default Properties File: org\apache\velocity\runtime\defaults\velocity.properties
2016-10-09 17:20:56,593 - Default Properties File: org\apache\velocity\runtime\defaults\velocity.properties
2016-10-09 17:20:56,593 - Trying to use logger class org.apache.velocity.runtime.log.AvalonLogChute
2016-10-09 17:20:56,593 - Trying to use logger class org.apache.velocity.runtime.log.AvalonLogChute
2016-10-09 17:20:56,593 - Trying to use logger class org.apache.velocity.runtime.log.AvalonLogChute
2016-10-09 17:20:56,593 - Couldn't find class org.apache.velocity.runtime.log.AvalonLogChute or necessary supporting classes in classpath.
java.lang.NoClassDefFoundError: org/apache/log/format/Formatter
	at java.lang.Class.forName0(Native Method)
	at java.lang.Class.forName(Class.java:348)
	at org.apache.velocity.util.ClassUtils.getClass(ClassUtils.java:63)
	at org.apache.velocity.util.ClassUtils.getNewInstance(ClassUtils.java:95)
	at org.apache.velocity.runtime.log.LogManager.createLogChute(LogManager.java:147)
	at org.apache.velocity.runtime.log.LogManager.updateLog(LogManager.java:208)
	at org.apache.velocity.runtime.RuntimeInstance.initializeLog(RuntimeInstance.java:728)
	at org.apache.velocity.runtime.RuntimeInstance.init(RuntimeInstance.java:240)
	at org.apache.velocity.runtime.RuntimeInstance.getTemplate(RuntimeInstance.java:1099)
	at org.apache.velocity.app.VelocityEngine.getTemplate(VelocityEngine.java:549)
	at com.zerjioang.velocity.TestVelocityConfig.test01_getTemplate(TestVelocityConfig.java:60)
	at com.zerjioang.velocity.TestVelocityConfig.test03_getWriter(TestVelocityConfig.java:48)
	at sun.reflect.NativeMethodAccessorImpl.invoke0(Native Method)
	at sun.reflect.NativeMethodAccessorImpl.invoke(NativeMethodAccessorImpl.java:62)
	at sun.reflect.DelegatingMethodAccessorImpl.invoke(DelegatingMethodAccessorImpl.java:43)
	at java.lang.reflect.Method.invoke(Method.java:498)
	at org.junit.runners.model.FrameworkMethod$1.runReflectiveCall(FrameworkMethod.java:50)
	at org.junit.internal.runners.model.ReflectiveCallable.run(ReflectiveCallable.java:12)
	at org.junit.runners.model.FrameworkMethod.invokeExplosively(FrameworkMethod.java:47)
	at org.junit.internal.runners.statements.InvokeMethod.evaluate(InvokeMethod.java:17)
	at org.junit.internal.runners.statements.RunBefores.evaluate(RunBefores.java:26)
	at org.junit.runners.ParentRunner.runLeaf(ParentRunner.java:325)
	at org.junit.runners.BlockJUnit4ClassRunner.runChild(BlockJUnit4ClassRunner.java:78)
	at org.junit.runners.BlockJUnit4ClassRunner.runChild(BlockJUnit4ClassRunner.java:57)
	at org.junit.runners.ParentRunner$3.run(ParentRunner.java:290)
	at org.junit.runners.ParentRunner$1.schedule(ParentRunner.java:71)
	at org.junit.runners.ParentRunner.runChildren(ParentRunner.java:288)
	at org.junit.runners.ParentRunner.access$000(ParentRunner.java:58)
	at org.junit.runners.ParentRunner$2.evaluate(ParentRunner.java:268)
	at org.junit.runners.ParentRunner.run(ParentRunner.java:363)
	at org.apache.maven.surefire.junit4.JUnit4TestSet.execute(JUnit4TestSet.java:53)
	at org.apache.maven.surefire.junit4.JUnit4Provider.executeTestSet(JUnit4Provider.java:123)
	at org.apache.maven.surefire.junit4.JUnit4Provider.invoke(JUnit4Provider.java:104)
	at sun.reflect.NativeMethodAccessorImpl.invoke0(Native Method)
	at sun.reflect.NativeMethodAccessorImpl.invoke(NativeMethodAccessorImpl.java:62)
	at sun.reflect.DelegatingMethodAccessorImpl.invoke(DelegatingMethodAccessorImpl.java:43)
	at java.lang.reflect.Method.invoke(Method.java:498)
	at org.apache.maven.surefire.util.ReflectionUtils.invokeMethodWithArray(ReflectionUtils.java:164)
	at org.apache.maven.surefire.booter.ProviderFactory$ProviderProxy.invoke(ProviderFactory.java:110)
	at org.apache.maven.surefire.booter.SurefireStarter.invokeProvider(SurefireStarter.java:175)
	at org.apache.maven.surefire.booter.SurefireStarter.runSuitesInProcessWhenForked(SurefireStarter.java:107)
	at org.apache.maven.surefire.booter.ForkedBooter.main(ForkedBooter.java:68)
Caused by: java.lang.ClassNotFoundException: org.apache.log.format.Formatter
	at java.net.URLClassLoader.findClass(URLClassLoader.java:381)
	at java.lang.ClassLoader.loadClass(ClassLoader.java:424)
	at sun.misc.Launcher$AppClassLoader.loadClass(Launcher.java:331)
	at java.lang.ClassLoader.loadClass(ClassLoader.java:357)
	... 42 more
2016-10-09 17:20:56,593 - Couldn't find class org.apache.velocity.runtime.log.AvalonLogChute or necessary supporting classes in classpath.
java.lang.NoClassDefFoundError: org/apache/log/format/Formatter
	at java.lang.Class.forName0(Native Method)
	at java.lang.Class.forName(Class.java:348)
	at org.apache.velocity.util.ClassUtils.getClass(ClassUtils.java:63)
	at org.apache.velocity.util.ClassUtils.getNewInstance(ClassUtils.java:95)
	at org.apache.velocity.runtime.log.LogManager.createLogChute(LogManager.java:147)
	at org.apache.velocity.runtime.log.LogManager.updateLog(LogManager.java:208)
	at org.apache.velocity.runtime.RuntimeInstance.initializeLog(RuntimeInstance.java:728)
	at org.apache.velocity.runtime.RuntimeInstance.init(RuntimeInstance.java:240)
	at org.apache.velocity.runtime.RuntimeInstance.getTemplate(RuntimeInstance.java:1099)
	at org.apache.velocity.app.VelocityEngine.getTemplate(VelocityEngine.java:549)
	at com.zerjioang.velocity.TestVelocityConfig.test01_getTemplate(TestVelocityConfig.java:60)
	at com.zerjioang.velocity.TestVelocityConfig.test03_getWriter(TestVelocityConfig.java:48)
	at sun.reflect.NativeMethodAccessorImpl.invoke0(Native Method)
	at sun.reflect.NativeMethodAccessorImpl.invoke(NativeMethodAccessorImpl.java:62)
	at sun.reflect.DelegatingMethodAccessorImpl.invoke(DelegatingMethodAccessorImpl.java:43)
	at java.lang.reflect.Method.invoke(Method.java:498)
	at org.junit.runners.model.FrameworkMethod$1.runReflectiveCall(FrameworkMethod.java:50)
	at org.junit.internal.runners.model.ReflectiveCallable.run(ReflectiveCallable.java:12)
	at org.junit.runners.model.FrameworkMethod.invokeExplosively(FrameworkMethod.java:47)
	at org.junit.internal.runners.statements.InvokeMethod.evaluate(InvokeMethod.java:17)
	at org.junit.internal.runners.statements.RunBefores.evaluate(RunBefores.java:26)
	at org.junit.runners.ParentRunner.runLeaf(ParentRunner.java:325)
	at org.junit.runners.BlockJUnit4ClassRunner.runChild(BlockJUnit4ClassRunner.java:78)
	at org.junit.runners.BlockJUnit4ClassRunner.runChild(BlockJUnit4ClassRunner.java:57)
	at org.junit.runners.ParentRunner$3.run(ParentRunner.java:290)
	at org.junit.runners.ParentRunner$1.schedule(ParentRunner.java:71)
	at org.junit.runners.ParentRunner.runChildren(ParentRunner.java:288)
	at org.junit.runners.ParentRunner.access$000(ParentRunner.java:58)
	at org.junit.runners.ParentRunner$2.evaluate(ParentRunner.java:268)
	at org.junit.runners.ParentRunner.run(ParentRunner.java:363)
	at org.apache.maven.surefire.junit4.JUnit4TestSet.execute(JUnit4TestSet.java:53)
	at org.apache.maven.surefire.junit4.JUnit4Provider.executeTestSet(JUnit4Provider.java:123)
	at org.apache.maven.surefire.junit4.JUnit4Provider.invoke(JUnit4Provider.java:104)
	at sun.reflect.NativeMethodAccessorImpl.invoke0(Native Method)
	at sun.reflect.NativeMethodAccessorImpl.invoke(NativeMethodAccessorImpl.java:62)
	at sun.reflect.DelegatingMethodAccessorImpl.invoke(DelegatingMethodAccessorImpl.java:43)
	at java.lang.reflect.Method.invoke(Method.java:498)
	at org.apache.maven.surefire.util.ReflectionUtils.invokeMethodWithArray(ReflectionUtils.java:164)
	at org.apache.maven.surefire.booter.ProviderFactory$ProviderProxy.invoke(ProviderFactory.java:110)
	at org.apache.maven.surefire.booter.SurefireStarter.invokeProvider(SurefireStarter.java:175)
	at org.apache.maven.surefire.booter.SurefireStarter.runSuitesInProcessWhenForked(SurefireStarter.java:107)
	at org.apache.maven.surefire.booter.ForkedBooter.main(ForkedBooter.java:68)
Caused by: java.lang.ClassNotFoundException: org.apache.log.format.Formatter
	at java.net.URLClassLoader.findClass(URLClassLoader.java:381)
	at java.lang.ClassLoader.loadClass(ClassLoader.java:424)
	at sun.misc.Launcher$AppClassLoader.loadClass(Launcher.java:331)
	at java.lang.ClassLoader.loadClass(ClassLoader.java:357)
	... 42 more
2016-10-09 17:20:56,593 - Couldn't find class org.apache.velocity.runtime.log.AvalonLogChute or necessary supporting classes in classpath.
java.lang.NoClassDefFoundError: org/apache/log/format/Formatter
	at java.lang.Class.forName0(Native Method)
	at java.lang.Class.forName(Class.java:348)
	at org.apache.velocity.util.ClassUtils.getClass(ClassUtils.java:63)
	at org.apache.velocity.util.ClassUtils.getNewInstance(ClassUtils.java:95)
	at org.apache.velocity.runtime.log.LogManager.createLogChute(LogManager.java:147)
	at org.apache.velocity.runtime.log.LogManager.updateLog(LogManager.java:208)
	at org.apache.velocity.runtime.RuntimeInstance.initializeLog(RuntimeInstance.java:728)
	at org.apache.velocity.runtime.RuntimeInstance.init(RuntimeInstance.java:240)
	at org.apache.velocity.runtime.RuntimeInstance.getTemplate(RuntimeInstance.java:1099)
	at org.apache.velocity.app.VelocityEngine.getTemplate(VelocityEngine.java:549)
	at com.zerjioang.velocity.TestVelocityConfig.test01_getTemplate(TestVelocityConfig.java:60)
	at com.zerjioang.velocity.TestVelocityConfig.test03_getWriter(TestVelocityConfig.java:48)
	at sun.reflect.NativeMethodAccessorImpl.invoke0(Native Method)
	at sun.reflect.NativeMethodAccessorImpl.invoke(NativeMethodAccessorImpl.java:62)
	at sun.reflect.DelegatingMethodAccessorImpl.invoke(DelegatingMethodAccessorImpl.java:43)
	at java.lang.reflect.Method.invoke(Method.java:498)
	at org.junit.runners.model.FrameworkMethod$1.runReflectiveCall(FrameworkMethod.java:50)
	at org.junit.internal.runners.model.ReflectiveCallable.run(ReflectiveCallable.java:12)
	at org.junit.runners.model.FrameworkMethod.invokeExplosively(FrameworkMethod.java:47)
	at org.junit.internal.runners.statements.InvokeMethod.evaluate(InvokeMethod.java:17)
	at org.junit.internal.runners.statements.RunBefores.evaluate(RunBefores.java:26)
	at org.junit.runners.ParentRunner.runLeaf(ParentRunner.java:325)
	at org.junit.runners.BlockJUnit4ClassRunner.runChild(BlockJUnit4ClassRunner.java:78)
	at org.junit.runners.BlockJUnit4ClassRunner.runChild(BlockJUnit4ClassRunner.java:57)
	at org.junit.runners.ParentRunner$3.run(ParentRunner.java:290)
	at org.junit.runners.ParentRunner$1.schedule(ParentRunner.java:71)
	at org.junit.runners.ParentRunner.runChildren(ParentRunner.java:288)
	at org.junit.runners.ParentRunner.access$000(ParentRunner.java:58)
	at org.junit.runners.ParentRunner$2.evaluate(ParentRunner.java:268)
	at org.junit.runners.ParentRunner.run(ParentRunner.java:363)
	at org.apache.maven.surefire.junit4.JUnit4TestSet.execute(JUnit4TestSet.java:53)
	at org.apache.maven.surefire.junit4.JUnit4Provider.executeTestSet(JUnit4Provider.java:123)
	at org.apache.maven.surefire.junit4.JUnit4Provider.invoke(JUnit4Provider.java:104)
	at sun.reflect.NativeMethodAccessorImpl.invoke0(Native Method)
	at sun.reflect.NativeMethodAccessorImpl.invoke(NativeMethodAccessorImpl.java:62)
	at sun.reflect.DelegatingMethodAccessorImpl.invoke(DelegatingMethodAccessorImpl.java:43)
	at java.lang.reflect.Method.invoke(Method.java:498)
	at org.apache.maven.surefire.util.ReflectionUtils.invokeMethodWithArray(ReflectionUtils.java:164)
	at org.apache.maven.surefire.booter.ProviderFactory$ProviderProxy.invoke(ProviderFactory.java:110)
	at org.apache.maven.surefire.booter.SurefireStarter.invokeProvider(SurefireStarter.java:175)
	at org.apache.maven.surefire.booter.SurefireStarter.runSuitesInProcessWhenForked(SurefireStarter.java:107)
	at org.apache.maven.surefire.booter.ForkedBooter.main(ForkedBooter.java:68)
Caused by: java.lang.ClassNotFoundException: org.apache.log.format.Formatter
	at java.net.URLClassLoader.findClass(URLClassLoader.java:381)
	at java.lang.ClassLoader.loadClass(ClassLoader.java:424)
	at sun.misc.Launcher$AppClassLoader.loadClass(Launcher.java:331)
	at java.lang.ClassLoader.loadClass(ClassLoader.java:357)
	... 42 more
2016-10-09 17:20:56,608 - Trying to use logger class org.apache.velocity.runtime.log.Log4JLogChute
2016-10-09 17:20:56,608 - Trying to use logger class org.apache.velocity.runtime.log.Log4JLogChute
2016-10-09 17:20:56,608 - Trying to use logger class org.apache.velocity.runtime.log.Log4JLogChute
2016-10-09 17:20:56,608 - Using logger class org.apache.velocity.runtime.log.Log4JLogChute
2016-10-09 17:20:56,608 - Using logger class org.apache.velocity.runtime.log.Log4JLogChute
2016-10-09 17:20:56,608 - Using logger class org.apache.velocity.runtime.log.Log4JLogChute
2016-10-09 17:20:56,608 - Default ResourceManager initializing. (class org.apache.velocity.runtime.resource.ResourceManagerImpl)
2016-10-09 17:20:56,608 - Default ResourceManager initializing. (class org.apache.velocity.runtime.resource.ResourceManagerImpl)
2016-10-09 17:20:56,608 - Default ResourceManager initializing. (class org.apache.velocity.runtime.resource.ResourceManagerImpl)
2016-10-09 17:20:56,608 - ResourceLoader instantiated: org.apache.velocity.runtime.resource.loader.FileResourceLoader
2016-10-09 17:20:56,608 - ResourceLoader instantiated: org.apache.velocity.runtime.resource.loader.FileResourceLoader
2016-10-09 17:20:56,608 - ResourceLoader instantiated: org.apache.velocity.runtime.resource.loader.FileResourceLoader
2016-10-09 17:20:56,608 - Do unicode file recognition:  false
2016-10-09 17:20:56,608 - Do unicode file recognition:  false
2016-10-09 17:20:56,608 - Do unicode file recognition:  false
2016-10-09 17:20:56,608 - FileResourceLoader : adding path '.'
2016-10-09 17:20:56,608 - FileResourceLoader : adding path '.'
2016-10-09 17:20:56,608 - FileResourceLoader : adding path '.'
2016-10-09 17:20:56,608 - ResourceCache: initialized (class org.apache.velocity.runtime.resource.ResourceCacheImpl)
2016-10-09 17:20:56,608 - ResourceCache: initialized (class org.apache.velocity.runtime.resource.ResourceCacheImpl)
2016-10-09 17:20:56,608 - ResourceCache: initialized (class org.apache.velocity.runtime.resource.ResourceCacheImpl)
2016-10-09 17:20:56,608 - Loaded System Directive: org.apache.velocity.runtime.directive.Literal
2016-10-09 17:20:56,608 - Loaded System Directive: org.apache.velocity.runtime.directive.Literal
2016-10-09 17:20:56,608 - Loaded System Directive: org.apache.velocity.runtime.directive.Literal
2016-10-09 17:20:56,608 - Loaded System Directive: org.apache.velocity.runtime.directive.Macro
2016-10-09 17:20:56,608 - Loaded System Directive: org.apache.velocity.runtime.directive.Macro
2016-10-09 17:20:56,608 - Loaded System Directive: org.apache.velocity.runtime.directive.Macro
2016-10-09 17:20:56,608 - Loaded System Directive: org.apache.velocity.runtime.directive.Parse
2016-10-09 17:20:56,608 - Loaded System Directive: org.apache.velocity.runtime.directive.Parse
2016-10-09 17:20:56,608 - Loaded System Directive: org.apache.velocity.runtime.directive.Parse
2016-10-09 17:20:56,608 - Loaded System Directive: org.apache.velocity.runtime.directive.Include
2016-10-09 17:20:56,608 - Loaded System Directive: org.apache.velocity.runtime.directive.Include
2016-10-09 17:20:56,608 - Loaded System Directive: org.apache.velocity.runtime.directive.Include
2016-10-09 17:20:56,608 - Loaded System Directive: org.apache.velocity.runtime.directive.Foreach
2016-10-09 17:20:56,608 - Loaded System Directive: org.apache.velocity.runtime.directive.Foreach
2016-10-09 17:20:56,608 - Loaded System Directive: org.apache.velocity.runtime.directive.Foreach
2016-10-09 17:20:56,608 - Created '20' parsers.
2016-10-09 17:20:56,608 - Created '20' parsers.
2016-10-09 17:20:56,608 - Created '20' parsers.
2016-10-09 17:20:56,608 - Velocimacro : "velocimacro.library" is not set.  Trying default library: VM_global_library.vm
2016-10-09 17:20:56,608 - Velocimacro : "velocimacro.library" is not set.  Trying default library: VM_global_library.vm
2016-10-09 17:20:56,608 - Velocimacro : "velocimacro.library" is not set.  Trying default library: VM_global_library.vm
2016-10-09 17:20:56,608 - Velocimacro : Default library not found.
2016-10-09 17:20:56,608 - Velocimacro : Default library not found.
2016-10-09 17:20:56,608 - Velocimacro : Default library not found.
2016-10-09 17:20:56,608 - Velocimacro : allowInline = true : VMs can be defined inline in templates
2016-10-09 17:20:56,608 - Velocimacro : allowInline = true : VMs can be defined inline in templates
2016-10-09 17:20:56,608 - Velocimacro : allowInline = true : VMs can be defined inline in templates
2016-10-09 17:20:56,608 - Velocimacro : allowInlineToOverride = false : VMs defined inline may NOT replace previous VM definitions
2016-10-09 17:20:56,608 - Velocimacro : allowInlineToOverride = false : VMs defined inline may NOT replace previous VM definitions
2016-10-09 17:20:56,608 - Velocimacro : allowInlineToOverride = false : VMs defined inline may NOT replace previous VM definitions
2016-10-09 17:20:56,608 - Velocimacro : allowInlineLocal = false : VMs defined inline will be global in scope if allowed.
2016-10-09 17:20:56,608 - Velocimacro : allowInlineLocal = false : VMs defined inline will be global in scope if allowed.
2016-10-09 17:20:56,608 - Velocimacro : allowInlineLocal = false : VMs defined inline will be global in scope if allowed.
2016-10-09 17:20:56,608 - Velocimacro : autoload off : VM system will not automatically reload global library macros
2016-10-09 17:20:56,608 - Velocimacro : autoload off : VM system will not automatically reload global library macros
2016-10-09 17:20:56,608 - Velocimacro : autoload off : VM system will not automatically reload global library macros
2016-10-09 17:20:56,608 - ResourceManager : found src/main/resources/templates/helloworld.vm with loader org.apache.velocity.runtime.resource.loader.FileResourceLoader
2016-10-09 17:20:56,608 - ResourceManager : found src/main/resources/templates/helloworld.vm with loader org.apache.velocity.runtime.resource.loader.FileResourceLoader
2016-10-09 17:20:56,608 - ResourceManager : found src/main/resources/templates/helloworld.vm with loader org.apache.velocity.runtime.resource.loader.FileResourceLoader
